  [1m[35m (2.4ms)[0m  [1m[34mSELECT sqlite_version(*)[0m
  [1m[36mActiveRecord::InternalMetadata Load (3.5ms)[0m  [1m[34mSELECT "ar_internal_metadata".* FROM "ar_internal_metadata" WHERE "ar_internal_metadata"."key" = ? LIMIT ?[0m  [["key", "environment"], ["LIMIT", 1]]
  [1m[35m (0.1ms)[0m  [1m[34mSELECT sqlite_version(*)[0m
  [1m[35m (0.1ms)[0m  [1m[34mSELECT "schema_migrations"."version" FROM "schema_migrations" ORDER BY "schema_migrations"."version" ASC[0m
Started GET "/" for 127.0.0.1 at 2025-09-24 01:41:56 +0000
  [1m[35m (2.8ms)[0m  [1m[34mSELECT sqlite_version(*)[0m
  [1m[35m (0.1ms)[0m  [1m[34mSELECT "schema_migrations"."version" FROM "schema_migrations" ORDER BY "schema_migrations"."version" ASC[0m
Processing by HomesController#top as HTML
  Rendering layout layouts/application.html.erb
  Rendering homes/top.html.erb within layouts/application
  Rendered homes/top.html.erb within layouts/application (Duration: 3.8ms | Allocations: 634)
[Webpacker] Compiling...
[Webpacker] Compilation failed:
yarn run v1.22.22
info Visit https://yarnpkg.com/en/docs/cli/run for documentation about this command.


error Command "webpack" not found.

  Rendered layout layouts/application.html.erb (Duration: 1268.1ms | Allocations: 17727)
Completed 200 OK in 1304ms (Views: 1277.5ms | ActiveRecord: 0.0ms | Allocations: 21948)


Started GET "/example" for 127.0.0.1 at 2025-09-24 01:42:17 +0000
Processing by ExampleController#index as HTML
  Rendering layout layouts/application.html.erb
  Rendering example/index.html.erb within layouts/application
  Rendered example/index.html.erb within layouts/application (Duration: 1.0ms | Allocations: 147)
[Webpacker] Everything's up-to-date. Nothing to do
  Rendered layout layouts/application.html.erb (Duration: 6.8ms | Allocations: 3372)
Completed 200 OK in 11ms (Views: 10.5ms | ActiveRecord: 0.0ms | Allocations: 4593)


Started GET "/example" for 127.0.0.1 at 2025-09-24 01:48:45 +0000
Processing by ExampleController#index as HTML
  Rendering layout layouts/application.html.erb
  Rendering example/index.html.erb within layouts/application
  Rendered example/index.html.erb within layouts/application (Duration: 4.9ms | Allocations: 38)
[Webpacker] Everything's up-to-date. Nothing to do
  Rendered layout layouts/application.html.erb (Duration: 61.5ms | Allocations: 3004)
Completed 200 OK in 64ms (Views: 63.1ms | Allocations: 3432)


Started GET "/" for 127.0.0.1 at 2025-09-24 01:52:05 +0000
  [1m[35m (1.1ms)[0m  [1m[34mSELECT sqlite_version(*)[0m
  [1m[35m (0.1ms)[0m  [1m[34mSELECT "schema_migrations"."version" FROM "schema_migrations" ORDER BY "schema_migrations"."version" ASC[0m
Processing by HomesController#top as HTML
  Rendering layout layouts/application.html.erb
  Rendering homes/top.html.erb within layouts/application
  Rendered homes/top.html.erb within layouts/application (Duration: 2.3ms | Allocations: 528)
[Webpacker] Compiling...
[Webpacker] Compilation failed:
yarn run v1.22.22
info Visit https://yarnpkg.com/en/docs/cli/run for documentation about this command.


error Command "webpack" not found.

  Rendered layout layouts/application.html.erb (Duration: 1648.4ms | Allocations: 7374)
Completed 200 OK in 1684ms (Views: 1668.5ms | ActiveRecord: 0.0ms | Allocations: 10656)


Started GET "/example" for 127.0.0.1 at 2025-09-24 01:52:10 +0000
Processing by ExampleController#index as HTML
  Rendering layout layouts/application.html.erb
  Rendering example/index.html.erb within layouts/application
  Rendered example/index.html.erb within layouts/application (Duration: 1.0ms | Allocations: 147)
[Webpacker] Everything's up-to-date. Nothing to do
  Rendered layout layouts/application.html.erb (Duration: 5.9ms | Allocations: 3372)
Completed 200 OK in 11ms (Views: 10.0ms | ActiveRecord: 0.0ms | Allocations: 4561)


Started GET "/" for 127.0.0.1 at 2025-09-24 01:53:12 +0000
  [1m[35m (1.1ms)[0m  [1m[34mSELECT sqlite_version(*)[0m
  [1m[35m (0.1ms)[0m  [1m[34mSELECT "schema_migrations"."version" FROM "schema_migrations" ORDER BY "schema_migrations"."version" ASC[0m
Processing by HomesController#top as HTML
  Rendering layout layouts/application.html.erb
  Rendering homes/top.html.erb within layouts/application
  Rendered homes/top.html.erb within layouts/application (Duration: 3.6ms | Allocations: 527)
[Webpacker] Everything's up-to-date. Nothing to do
  Rendered layout layouts/application.html.erb (Duration: 40.3ms | Allocations: 6610)
Completed 200 OK in 92ms (Views: 72.3ms | ActiveRecord: 0.0ms | Allocations: 9900)


Started GET "/example" for 127.0.0.1 at 2025-09-24 01:53:16 +0000
Processing by ExampleController#index as HTML
  Rendering layout layouts/application.html.erb
  Rendering example/index.html.erb within layouts/application
  Rendered example/index.html.erb within layouts/application (Duration: 4.5ms | Allocations: 1100)
[Webpacker] Everything's up-to-date. Nothing to do
  Rendered layout layouts/application.html.erb (Duration: 9.6ms | Allocations: 4304)
Completed 200 OK in 16ms (Views: 14.6ms | ActiveRecord: 0.0ms | Allocations: 5497)


Started GET "/.well-known/appspecific/com.chrome.devtools.json" for 127.0.0.1 at 2025-09-24 01:53:42 +0000
  
ActionController::RoutingError (No route matches [GET] "/.well-known/appspecific/com.chrome.devtools.json"):
  
Started GET "/" for 127.0.0.1 at 2025-09-24 01:55:46 +0000
  [1m[35m (1.1ms)[0m  [1m[34mSELECT sqlite_version(*)[0m
  [1m[35m (0.1ms)[0m  [1m[34mSELECT "schema_migrations"."version" FROM "schema_migrations" ORDER BY "schema_migrations"."version" ASC[0m
Processing by HomesController#top as HTML
  Rendering layout layouts/application.html.erb
  Rendering homes/top.html.erb within layouts/application
  Rendered homes/top.html.erb within layouts/application (Duration: 1.5ms | Allocations: 527)
[Webpacker] Compiling...
[Webpacker] Compilation failed:
yarn run v1.22.22
info Visit https://yarnpkg.com/en/docs/cli/run for documentation about this command.


error Command "webpack" not found.

  Rendered layout layouts/application.html.erb (Duration: 1590.0ms | Allocations: 7364)
Completed 200 OK in 1623ms (Views: 1608.8ms | ActiveRecord: 0.0ms | Allocations: 10646)


Started GET "/example" for 127.0.0.1 at 2025-09-24 01:55:50 +0000
Processing by ExampleController#index as HTML
  Rendering layout layouts/application.html.erb
  Rendering example/index.html.erb within layouts/application
  Rendered example/index.html.erb within layouts/application (Duration: 0.6ms | Allocations: 147)
[Webpacker] Everything's up-to-date. Nothing to do
  Rendered layout layouts/application.html.erb (Duration: 8.7ms | Allocations: 4307)
Completed 200 OK in 12ms (Views: 11.0ms | ActiveRecord: 0.0ms | Allocations: 5500)


Started GET "/.well-known/appspecific/com.chrome.devtools.json" for 127.0.0.1 at 2025-09-24 01:55:54 +0000
  
ActionController::RoutingError (No route matches [GET] "/.well-known/appspecific/com.chrome.devtools.json"):
  
Started GET "/example" for 127.0.0.1 at 2025-09-24 02:04:08 +0000
Processing by ExampleController#index as HTML
  Rendering layout layouts/application.html.erb
  Rendering example/index.html.erb within layouts/application
  Rendered example/index.html.erb within layouts/application (Duration: 0.1ms | Allocations: 38)
[Webpacker] Compiling...
[Webpacker] Compilation failed:
yarn run v1.22.22
info Visit https://yarnpkg.com/en/docs/cli/run for documentation about this command.


error Command "webpack" not found.

  Rendered layout layouts/application.html.erb (Duration: 1270.3ms | Allocations: 3824)
Completed 200 OK in 1272ms (Views: 1271.3ms | Allocations: 4294)


Started GET "/" for 127.0.0.1 at 2025-09-24 02:04:20 +0000
  [1m[35m (1.5ms)[0m  [1m[34mSELECT sqlite_version(*)[0m
  [1m[35m (0.3ms)[0m  [1m[34mSELECT "schema_migrations"."version" FROM "schema_migrations" ORDER BY "schema_migrations"."version" ASC[0m
Processing by HomesController#top as HTML
  Rendering layout layouts/application.html.erb
  Rendering homes/top.html.erb within layouts/application
  Rendered homes/top.html.erb within layouts/application (Duration: 2.6ms | Allocations: 527)
[Webpacker] Everything's up-to-date. Nothing to do
  Rendered layout layouts/application.html.erb (Duration: 26.2ms | Allocations: 6610)
Completed 200 OK in 60ms (Views: 46.3ms | ActiveRecord: 0.0ms | Allocations: 9892)


Started GET "/example" for 127.0.0.1 at 2025-09-24 02:04:23 +0000
Processing by ExampleController#index as HTML
  Rendering layout layouts/application.html.erb
  Rendering example/index.html.erb within layouts/application
  Rendered example/index.html.erb within layouts/application (Duration: 0.8ms | Allocations: 147)
[Webpacker] Everything's up-to-date. Nothing to do
  Rendered layout layouts/application.html.erb (Duration: 8.0ms | Allocations: 4298)
Completed 200 OK in 11ms (Views: 10.3ms | ActiveRecord: 0.0ms | Allocations: 5480)


Started GET "/" for 127.0.0.1 at 2025-09-24 02:05:20 +0000
  [1m[35m (0.9ms)[0m  [1m[34mSELECT sqlite_version(*)[0m
  [1m[35m (0.2ms)[0m  [1m[34mSELECT "schema_migrations"."version" FROM "schema_migrations" ORDER BY "schema_migrations"."version" ASC[0m
Processing by HomesController#top as HTML
  Rendering layout layouts/application.html.erb
  Rendering homes/top.html.erb within layouts/application
  Rendered homes/top.html.erb within layouts/application (Duration: 1.0ms | Allocations: 527)
[Webpacker] Compiling...
[Webpacker] Compilation failed:
yarn run v1.22.22
info Visit https://yarnpkg.com/en/docs/cli/run for documentation about this command.


error Command "webpack" not found.

  Rendered layout layouts/application.html.erb (Duration: 1057.7ms | Allocations: 7374)
Completed 200 OK in 1086ms (Views: 1077.0ms | ActiveRecord: 0.0ms | Allocations: 10656)


Started GET "/example" for 127.0.0.1 at 2025-09-24 02:05:24 +0000
Processing by ExampleController#index as HTML
  Rendering layout layouts/application.html.erb
  Rendering example/index.html.erb within layouts/application
  Rendered example/index.html.erb within layouts/application (Duration: 0.3ms | Allocations: 147)
[Webpacker] Everything's up-to-date. Nothing to do
  Rendered layout layouts/application.html.erb (Duration: 8.0ms | Allocations: 4307)
Completed 200 OK in 11ms (Views: 9.9ms | ActiveRecord: 0.0ms | Allocations: 5500)


Started GET "/" for 127.0.0.1 at 2025-09-24 02:07:42 +0000
  [1m[35m (0.5ms)[0m  [1m[34mSELECT sqlite_version(*)[0m
  [1m[35m (0.1ms)[0m  [1m[34mSELECT "schema_migrations"."version" FROM "schema_migrations" ORDER BY "schema_migrations"."version" ASC[0m
Processing by HomesController#top as HTML
  Rendering layout layouts/application.html.erb
  Rendering homes/top.html.erb within layouts/application
  Rendered homes/top.html.erb within layouts/application (Duration: 1.2ms | Allocations: 528)
[Webpacker] Compiling...
[Webpacker] Compilation failed:
yarn run v1.22.22
info Visit https://yarnpkg.com/en/docs/cli/run for documentation about this command.


error Command "webpack" not found.

  Rendered layout layouts/application.html.erb (Duration: 1046.6ms | Allocations: 7365)
Completed 200 OK in 1058ms (Views: 1049.5ms | ActiveRecord: 0.0ms | Allocations: 10645)


Started GET "/example" for 127.0.0.1 at 2025-09-24 02:07:46 +0000
Processing by ExampleController#index as HTML
  Rendering layout layouts/application.html.erb
  Rendering example/index.html.erb within layouts/application
  Rendered example/index.html.erb within layouts/application (Duration: 0.3ms | Allocations: 147)
[Webpacker] Everything's up-to-date. Nothing to do
  Rendered layout layouts/application.html.erb (Duration: 7.6ms | Allocations: 4313)
Completed 200 OK in 10ms (Views: 9.5ms | ActiveRecord: 0.0ms | Allocations: 5505)


Started GET "/example" for 127.0.0.1 at 2025-09-24 02:12:07 +0000
Processing by ExampleController#index as HTML
  Rendering layout layouts/application.html.erb
  Rendering example/index.html.erb within layouts/application
  Rendered example/index.html.erb within layouts/application (Duration: 0.1ms | Allocations: 38)
[Webpacker] Compiling...
[Webpacker] Compilation failed:
yarn run v1.22.22
info Visit https://yarnpkg.com/en/docs/cli/run for documentation about this command.


error Command "webpack" not found.

  Rendered layout layouts/application.html.erb (Duration: 992.1ms | Allocations: 3665)
Completed 200 OK in 994ms (Views: 993.0ms | ActiveRecord: 0.0ms | Allocations: 4096)


Started GET "/.well-known/appspecific/com.chrome.devtools.json" for 127.0.0.1 at 2025-09-24 02:12:14 +0000
  
ActionController::RoutingError (No route matches [GET] "/.well-known/appspecific/com.chrome.devtools.json"):
  
Started GET "/example" for 127.0.0.1 at 2025-09-24 02:12:18 +0000
Processing by ExampleController#index as HTML
  Rendering layout layouts/application.html.erb
  Rendering example/index.html.erb within layouts/application
  Rendered example/index.html.erb within layouts/application (Duration: 0.1ms | Allocations: 38)
[Webpacker] Everything's up-to-date. Nothing to do
  Rendered layout layouts/application.html.erb (Duration: 6.1ms | Allocations: 3163)
Completed 200 OK in 7ms (Views: 6.9ms | ActiveRecord: 0.0ms | Allocations: 3639)


Started GET "/.well-known/appspecific/com.chrome.devtools.json" for 127.0.0.1 at 2025-09-24 02:12:18 +0000
  
ActionController::RoutingError (No route matches [GET] "/.well-known/appspecific/com.chrome.devtools.json"):
  
Started GET "/" for 127.0.0.1 at 2025-09-24 02:13:31 +0000
  [1m[35m (0.4ms)[0m  [1m[34mSELECT sqlite_version(*)[0m
  [1m[35m (0.1ms)[0m  [1m[34mSELECT "schema_migrations"."version" FROM "schema_migrations" ORDER BY "schema_migrations"."version" ASC[0m
Processing by HomesController#top as HTML
  Rendering layout layouts/application.html.erb
  Rendering homes/top.html.erb within layouts/application
  Rendered homes/top.html.erb within layouts/application (Duration: 1.1ms | Allocations: 527)
[Webpacker] Everything's up-to-date. Nothing to do
  Rendered layout layouts/application.html.erb (Duration: 13.2ms | Allocations: 6610)
Completed 200 OK in 37ms (Views: 28.5ms | ActiveRecord: 0.0ms | Allocations: 9892)


Started GET "/example" for 127.0.0.1 at 2025-09-24 02:13:33 +0000
Processing by ExampleController#index as HTML
  Rendering layout layouts/application.html.erb
  Rendering example/index.html.erb within layouts/application
  Rendered example/index.html.erb within layouts/application (Duration: 0.3ms | Allocations: 147)
[Webpacker] Everything's up-to-date. Nothing to do
  Rendered layout layouts/application.html.erb (Duration: 8.0ms | Allocations: 4310)
Completed 200 OK in 11ms (Views: 9.9ms | ActiveRecord: 0.0ms | Allocations: 5492)


Started GET "/example" for 127.0.0.1 at 2025-09-24 02:13:37 +0000
Processing by ExampleController#index as HTML
  Rendering layout layouts/application.html.erb
  Rendering example/index.html.erb within layouts/application
  Rendered example/index.html.erb within layouts/application (Duration: 0.1ms | Allocations: 38)
[Webpacker] Everything's up-to-date. Nothing to do
  Rendered layout layouts/application.html.erb (Duration: 5.6ms | Allocations: 3007)
Completed 200 OK in 7ms (Views: 6.3ms | ActiveRecord: 0.0ms | Allocations: 3446)


Started GET "/" for 127.0.0.1 at 2025-09-24 02:14:42 +0000
  [1m[35m (0.6ms)[0m  [1m[34mSELECT sqlite_version(*)[0m
  [1m[35m (0.2ms)[0m  [1m[34mSELECT "schema_migrations"."version" FROM "schema_migrations" ORDER BY "schema_migrations"."version" ASC[0m
Processing by HomesController#top as HTML
  Rendering layout layouts/application.html.erb
  Rendering homes/top.html.erb within layouts/application
  Rendered homes/top.html.erb within layouts/application (Duration: 0.9ms | Allocations: 527)
[Webpacker] Everything's up-to-date. Nothing to do
  Rendered layout layouts/application.html.erb (Duration: 12.7ms | Allocations: 6610)
Completed 200 OK in 37ms (Views: 29.0ms | ActiveRecord: 0.0ms | Allocations: 9892)


Started GET "/.well-known/appspecific/com.chrome.devtools.json" for 127.0.0.1 at 2025-09-24 02:14:54 +0000
  
ActionController::RoutingError (No route matches [GET] "/.well-known/appspecific/com.chrome.devtools.json"):
  
Started GET "/" for 127.0.0.1 at 2025-09-24 02:15:22 +0000
Processing by HomesController#top as HTML
  Rendering layout layouts/application.html.erb
  Rendering homes/top.html.erb within layouts/application
  Rendered homes/top.html.erb within layouts/application (Duration: 0.2ms | Allocations: 108)
[Webpacker] Everything's up-to-date. Nothing to do
  Rendered layout layouts/application.html.erb (Duration: 5.0ms | Allocations: 3217)
Completed 200 OK in 7ms (Views: 6.0ms | ActiveRecord: 0.0ms | Allocations: 3710)


Started GET "/.well-known/appspecific/com.chrome.devtools.json" for 127.0.0.1 at 2025-09-24 02:15:22 +0000
  
ActionController::RoutingError (No route matches [GET] "/.well-known/appspecific/com.chrome.devtools.json"):
  
Started GET "/example" for 127.0.0.1 at 2025-09-24 02:15:26 +0000
Processing by ExampleController#index as HTML
  Rendering layout layouts/application.html.erb
  Rendering example/index.html.erb within layouts/application
  Rendered example/index.html.erb within layouts/application (Duration: 0.4ms | Allocations: 147)
[Webpacker] Everything's up-to-date. Nothing to do
  Rendered layout layouts/application.html.erb (Duration: 5.4ms | Allocations: 3334)
Completed 200 OK in 8ms (Views: 7.0ms | ActiveRecord: 0.0ms | Allocations: 4520)


Started GET "/example" for 127.0.0.1 at 2025-09-24 02:15:29 +0000
Processing by ExampleController#index as HTML
  Rendering layout layouts/application.html.erb
  Rendering example/index.html.erb within layouts/application
  Rendered example/index.html.erb within layouts/application (Duration: 0.1ms | Allocations: 38)
[Webpacker] Everything's up-to-date. Nothing to do
  Rendered layout layouts/application.html.erb (Duration: 4.8ms | Allocations: 3007)
Completed 200 OK in 6ms (Views: 5.6ms | ActiveRecord: 0.0ms | Allocations: 3445)


Started GET "/.well-known/appspecific/com.chrome.devtools.json" for 127.0.0.1 at 2025-09-24 02:15:30 +0000
  
ActionController::RoutingError (No route matches [GET] "/.well-known/appspecific/com.chrome.devtools.json"):
  
